<?xml version="1.0" encoding="UTF-8"?>
<testsuite name="FI_Selenium" tests="1" skipped="0" failures="0" errors="0" timestamp="2024-03-16T09:57:27" hostname="LAPTOP-SOT6J1EH" time="23.72">
  <properties/>
  <testcase name="testSeleniumFI" classname="FI_Selenium" time="23.72"/>
  <system-out><![CDATA[Selenium Webdriver
]]></system-out>
  <system-err><![CDATA[Mar 16, 2024 3:27:27 PM org.openqa.selenium.remote.service.DriverService$Builder getLogOutput
INFO: Driver logs no longer sent to console by default; https://www.selenium.dev/documentation/webdriver/drivers/service/#setting-log-output
Mar 16, 2024 3:27:36 PM org.openqa.selenium.devtools.CdpVersionFinder findNearestMatch
WARNING: Unable to find CDP implementation matching 122
Mar 16, 2024 3:27:36 PM org.openqa.selenium.chromium.ChromiumDriver lambda$new$4
WARNING: Unable to find version of CDP to use for . You may need to include a dependency on a specific version of the CDP using something similar to `org.seleniumhq.selenium:selenium-devtools-v86:4.10.0` where the version ("v86") matches the version of the chromium-based browser you're using and the version number of the artifact is the same as Selenium's.
]]></system-err>
</testsuite>
