<?xml version="1.0" encoding="UTF-8"?>
<!-- Generated by org.testng.reporters.JUnitReportReporter -->
<testsuite hostname="LAPTOP-SOT6J1EH" failures="0" tests="1" name="FI_Selenium" time="23.720" errors="0" timestamp="2024-03-16T15:27:51 IST" skipped="0">
  <testcase classname="FI_Selenium" name="testSeleniumFI" time="23.720"/>
</testsuite> <!-- FI_Selenium -->
